{"name": "test_Monitoring_Event_log", "status": "failed", "statusDetails": {"message": "AssertionError: assert 'Event\\nTimestamp' == 'Event\\nTimestamp4'\n  \n    Event\n  - Timestamp4\n  ?          -\n  + Timestamp", "trace": "setup = <selenium.webdriver.chrome.webdriver.WebDriver (session=\"92021468058a430df00000b2cc3d03c7\")>\n\n    def test_Monitoring_Event_log(setup):\n        driver = setup\n        driver.get(TestLogin.baseURL)\n        driver.maximize_window()\n        driver.implicitly_wait(50)\n        # Navigate to Article Dashboard\n        screenpage = ScreensaverPage(driver)\n        screenpage.screensaver_button().click()\n        time.sleep(5)\n        monitoring_page= MonitoringPage(driver)\n        time.sleep(1)\n        monitoring_page.return_search_button().click()\n        time.sleep(1)\n        monitoring_page.return_event_button().click()\n        time.sleep(3)\n>       assert monitoring_page.return_event_log_title().text == \"Event\\nTimestamp4\"\nE       AssertionError: assert 'Event\\nTimestamp' == 'Event\\nTimestamp4'\nE         \nE           Event\nE         - Timestamp4\nE         ?          -\nE         + Timestamp\n\ntestCases\\test_e2eBelfry.py:135: AssertionError"}, "start": 1711093594496, "stop": 1711093613122, "uuid": "671abe8c-89f2-4cf7-aae4-79c4eef7c144", "historyId": "1f691aec13a7becbf19abab5f5a03d5b", "testCaseId": "1f691aec13a7becbf19abab5f5a03d5b", "fullName": "testCases.test_e2eBelfry#test_Monitoring_Event_log", "labels": [{"name": "parentSuite", "value": "testCases"}, {"name": "suite", "value": "test_e2eBelfry"}, {"name": "host", "value": "WETCLT61017"}, {"name": "thread", "value": "36844-MainThread"}, {"name": "framework", "value": "pytest"}, {"name": "language", "value": "cpython3"}, {"name": "package", "value": "testCases.test_e2eBelfry"}]}